                                                                                                                        
>>>>>>>>>>>>>>>>>>>>>>>>>>>>>>>>>>>>>>>>>>>>>>>>>>>>>>>>>>>>>>>>>>>>>>>>>>>>>>>>>>>>>>>>>>>>>>>>>>>>>>>>>>>>>>>>>>>>>>>>
2025-07-20 22:12:16,972 - INFO - START domain_topic_classifier =============================================
2025-07-20 22:12:16,972 - INFO - START domain_topic_classifier Start Time = 2025-07-20 22:12:16
2025-07-20 22:12:16,972 - INFO - domain_topic_classifier Step 0 - Initialize the configuration file parser
2025-07-20 22:12:16,972 - INFO - Process domain_topic_classifier Step 0 - Initializing and starting Logging Process.
2025-07-20 22:12:17,062 - INFO - PERFORMANCE domain_topic_classifier The total process duration was:0.09
2025-07-20 22:12:17,062 - INFO - PERFORMANCE domain_topic_classifier Stop Time = 2025-07-20 22:12:17
2025-07-20 22:12:17,062 - INFO - PERFORMANCE domain_topic_classifier Short process duration less than 3 Seconds:0.09
2025-07-20 22:12:17,062 - INFO - PERFORMANCE domain_topic_classifier Performance optimization is not reccomended
2025-07-20 22:12:17,062 - INFO - END domain_topic_classifier =============================================

<<<<<<<<<<<<<<<<<<<<<<<<<<<<<<<<<<<<<<<<<<<<<<<<<<<<<<<<<<<<<<<<<<<<<<<<<<<<<<<<<<<<<<<<<<<<<<<<<<<<<<<<<<<<<<<<<<<<<<<<
                                                                                                                        
                                                                                                                        
>>>>>>>>>>>>>>>>>>>>>>>>>>>>>>>>>>>>>>>>>>>>>>>>>>>>>>>>>>>>>>>>>>>>>>>>>>>>>>>>>>>>>>>>>>>>>>>>>>>>>>>>>>>>>>>>>>>>>>>>
2025-07-20 22:13:11,612 - INFO - START domain_topic_classifier =============================================
2025-07-20 22:13:11,612 - INFO - START domain_topic_classifier Start Time = 2025-07-20 22:13:11
2025-07-20 22:13:11,612 - INFO - domain_topic_classifier Step 0 - Initialize the configuration file parser
2025-07-20 22:13:11,612 - INFO - Process domain_topic_classifier Step 0 - Initializing and starting Logging Process.
2025-07-20 22:13:11,692 - INFO - PERFORMANCE domain_topic_classifier The total process duration was:0.08
2025-07-20 22:13:11,693 - INFO - PERFORMANCE domain_topic_classifier Stop Time = 2025-07-20 22:13:11
2025-07-20 22:13:11,693 - INFO - PERFORMANCE domain_topic_classifier Short process duration less than 3 Seconds:0.08
2025-07-20 22:13:11,694 - INFO - PERFORMANCE domain_topic_classifier Performance optimization is not reccomended
2025-07-20 22:13:11,695 - INFO - END domain_topic_classifier =============================================

<<<<<<<<<<<<<<<<<<<<<<<<<<<<<<<<<<<<<<<<<<<<<<<<<<<<<<<<<<<<<<<<<<<<<<<<<<<<<<<<<<<<<<<<<<<<<<<<<<<<<<<<<<<<<<<<<<<<<<<<
                                                                                                                        
                                                                                                                        
>>>>>>>>>>>>>>>>>>>>>>>>>>>>>>>>>>>>>>>>>>>>>>>>>>>>>>>>>>>>>>>>>>>>>>>>>>>>>>>>>>>>>>>>>>>>>>>>>>>>>>>>>>>>>>>>>>>>>>>>
2025-07-20 22:34:55,770 - INFO - START domain_topic_classifier =============================================
2025-07-20 22:34:55,770 - INFO - START domain_topic_classifier Start Time = 2025-07-20 22:34:55
2025-07-20 22:34:55,770 - INFO - domain_topic_classifier Step 0 - Initialize the configuration file parser
2025-07-20 22:34:55,770 - INFO - Process domain_topic_classifier Step 0 - Initializing and starting Logging Process.
2025-07-20 22:34:55,852 - INFO - PERFORMANCE domain_topic_classifier The total process duration was:0.08
2025-07-20 22:34:55,853 - INFO - PERFORMANCE domain_topic_classifier Stop Time = 2025-07-20 22:34:55
2025-07-20 22:34:55,853 - INFO - PERFORMANCE domain_topic_classifier Short process duration less than 3 Seconds:0.08
2025-07-20 22:34:55,853 - INFO - PERFORMANCE domain_topic_classifier Performance optimization is not reccomended
2025-07-20 22:34:55,853 - INFO - END domain_topic_classifier =============================================

<<<<<<<<<<<<<<<<<<<<<<<<<<<<<<<<<<<<<<<<<<<<<<<<<<<<<<<<<<<<<<<<<<<<<<<<<<<<<<<<<<<<<<<<<<<<<<<<<<<<<<<<<<<<<<<<<<<<<<<<
                                                                                                                        
